2021-05-30 00:23:06,532 - root - INFO - ++++++++++++++++++开始执行测试用例+++++++++++++++
2021-05-30 00:23:26,570 - root - INFO - 开始点击页面元素：('id', 'com.lchr.diaoyu:id/btn_tab_mine')
2021-05-30 00:23:26,571 - root - INFO - 开始查找页面元素：('id', 'com.lchr.diaoyu:id/btn_tab_mine')
2021-05-30 00:23:30,556 - root - INFO - 开始查找页面元素：('id', 'com.lchr.diaoyu:id/tv_click2login')
2021-05-30 00:23:30,605 - root - INFO - 未找到页面登录元素:('id', 'com.lchr.diaoyu:id/tv_click2login')
2021-05-30 00:23:30,606 - root - ERROR - Message: An element could not be located on the page using the given search parameters.

2021-05-30 00:23:30,607 - root - INFO - 开始点击页面元素：('id', 'com.lchr.diaoyu:id/iv_top_navi_setting')
2021-05-30 00:23:30,608 - root - INFO - 开始查找页面元素：('id', 'com.lchr.diaoyu:id/iv_top_navi_setting')
2021-05-30 00:23:32,652 - root - INFO - 开始点击页面元素：('id', 'com.lchr.diaoyu:id/rtv_setting_logout')
2021-05-30 00:23:32,653 - root - INFO - 开始查找页面元素：('id', 'com.lchr.diaoyu:id/rtv_setting_logout')
2021-05-30 00:23:34,699 - root - INFO - 开始点击页面元素：('id', 'android:id/button1')
2021-05-30 00:23:34,700 - root - INFO - 开始查找页面元素：('id', 'android:id/button1')
2021-05-30 00:23:37,728 - root - INFO - 退出登录成功
2021-05-30 00:23:37,731 - root - INFO - 开始执行反向测试用例：反向用例-用户名为空
2021-05-30 00:23:37,732 - root - INFO - 开始向页面元素发送数据：('id', 'com.lchr.diaoyu:id/user_id')，
2021-05-30 00:23:37,732 - root - INFO - 开始查找页面元素：('id', 'com.lchr.diaoyu:id/user_id')
2021-05-30 00:23:37,922 - root - INFO - 开始执行反向测试用例：反向用例-用户名错误-密码正确
2021-05-30 00:23:37,923 - root - INFO - 开始向页面元素发送数据：('id', 'com.lchr.diaoyu:id/user_id')，plkjf才有
2021-05-30 00:23:37,924 - root - INFO - 开始查找页面元素：('id', 'com.lchr.diaoyu:id/user_id')
2021-05-30 00:23:38,002 - root - INFO - 开始执行反向测试用例：反向用例-密码为空
2021-05-30 00:23:38,004 - root - INFO - 开始向页面元素发送数据：('id', 'com.lchr.diaoyu:id/user_id')，18843010983
2021-05-30 00:23:38,005 - root - INFO - 开始查找页面元素：('id', 'com.lchr.diaoyu:id/user_id')
2021-05-30 00:23:38,089 - root - INFO - 开始执行反向测试用例：反向用例-用户名正确-密码错误
2021-05-30 00:23:38,090 - root - INFO - 开始向页面元素发送数据：('id', 'com.lchr.diaoyu:id/user_id')，18843010983
2021-05-30 00:23:38,092 - root - INFO - 开始查找页面元素：('id', 'com.lchr.diaoyu:id/user_id')
2021-05-30 00:23:38,191 - root - INFO - ++++++++++++++开始执行正向用例+++++++++++
2021-05-30 00:23:38,192 - root - INFO - 开始向页面元素发送数据：('id', 'com.lchr.diaoyu:id/user_id')，18843010983
2021-05-30 00:23:38,193 - root - INFO - 开始查找页面元素：('id', 'com.lchr.diaoyu:id/user_id')
2021-05-30 00:25:43,428 - root - INFO - ++++++++++++++++++开始执行测试用例+++++++++++++++
2021-05-30 00:26:02,436 - root - INFO - 开始点击页面元素：('id', 'com.lchr.diaoyu:id/btn_tab_mine')
2021-05-30 00:26:02,437 - root - INFO - 开始查找页面元素：('id', 'com.lchr.diaoyu:id/btn_tab_mine')
2021-05-30 00:26:05,507 - root - INFO - 开始查找页面元素：('id', 'com.lchr.diaoyu:id/tv_click2login')
2021-05-30 00:26:05,634 - root - INFO - 开始点击页面元素：('id', 'com.lchr.diaoyu:id/tv_click2login')
2021-05-30 00:26:05,634 - root - INFO - 开始查找页面元素：('id', 'com.lchr.diaoyu:id/tv_click2login')
2021-05-30 00:26:07,666 - root - INFO - 开始点击页面元素：('id', 'com.lchr.diaoyu:id/tv_account_login')
2021-05-30 00:26:07,667 - root - INFO - 开始查找页面元素：('id', 'com.lchr.diaoyu:id/tv_account_login')
2021-05-30 00:26:09,698 - root - INFO - 开始执行反向测试用例：反向用例-用户名为空
2021-05-30 00:26:09,699 - root - INFO - 开始向页面元素发送数据：('id', 'com.lchr.diaoyu:id/user_id')，
2021-05-30 00:26:09,700 - root - INFO - 开始查找页面元素：('id', 'com.lchr.diaoyu:id/user_id')
2021-05-30 00:26:10,240 - root - INFO - 开始向页面元素发送数据：('id', 'com.lchr.diaoyu:id/passwd_id')，ipmnlfiof
2021-05-30 00:26:10,241 - root - INFO - 开始查找页面元素：('id', 'com.lchr.diaoyu:id/passwd_id')
2021-05-30 00:26:10,758 - root - INFO - 开始点击页面元素：('id', 'com.lchr.diaoyu:id/btn_login')
2021-05-30 00:26:10,760 - root - INFO - 开始查找页面元素：('id', 'com.lchr.diaoyu:id/btn_login')
2021-05-30 00:26:11,265 - root - INFO - 反向用例输入完成
2021-05-30 00:26:12,311 - root - INFO - 找到toast：('xpath', '//*[contains(@text,用户名不能为空)]')
2021-05-30 00:26:12,481 - root - INFO - 截图成功，图片保存路径为：F:\PycharmProjects\diaoyurenApp\img\toast截图-2021-05-30_00_26_12.png
2021-05-30 00:26:12,596 - root - INFO - 截图成功，图片保存路径为：F:\PycharmProjects\diaoyurenApp\img\反向用例-用户名为空-2021-05-30_00_26_12.png
2021-05-30 00:26:12,601 - root - INFO - 开始执行反向测试用例：反向用例-用户名错误-密码正确
2021-05-30 00:26:12,602 - root - INFO - 开始向页面元素发送数据：('id', 'com.lchr.diaoyu:id/user_id')，plkjf才有
2021-05-30 00:26:12,603 - root - INFO - 开始查找页面元素：('id', 'com.lchr.diaoyu:id/user_id')
2021-05-30 00:26:13,140 - root - INFO - 开始向页面元素发送数据：('id', 'com.lchr.diaoyu:id/passwd_id')，ipmnlfiof
2021-05-30 00:26:13,141 - root - INFO - 开始查找页面元素：('id', 'com.lchr.diaoyu:id/passwd_id')
2021-05-30 00:26:13,657 - root - INFO - 开始点击页面元素：('id', 'com.lchr.diaoyu:id/btn_login')
2021-05-30 00:26:13,658 - root - INFO - 开始查找页面元素：('id', 'com.lchr.diaoyu:id/btn_login')
2021-05-30 00:26:14,163 - root - INFO - 反向用例输入完成
2021-05-30 00:26:15,185 - root - INFO - 找到toast：('xpath', '//*[contains(@text,用户名不存在)]')
2021-05-30 00:26:15,297 - root - INFO - 截图成功，图片保存路径为：F:\PycharmProjects\diaoyurenApp\img\toast截图-2021-05-30_00_26_15.png
2021-05-30 00:26:15,445 - root - INFO - 截图成功，图片保存路径为：F:\PycharmProjects\diaoyurenApp\img\反向用例-用户名错误-密码正确-2021-05-30_00_26_15.png
2021-05-30 00:26:15,467 - root - INFO - 开始执行反向测试用例：反向用例-密码为空
2021-05-30 00:26:15,468 - root - INFO - 开始向页面元素发送数据：('id', 'com.lchr.diaoyu:id/user_id')，18843010983
2021-05-30 00:26:15,469 - root - INFO - 开始查找页面元素：('id', 'com.lchr.diaoyu:id/user_id')
2021-05-30 00:26:16,073 - root - INFO - 开始向页面元素发送数据：('id', 'com.lchr.diaoyu:id/passwd_id')，
2021-05-30 00:26:16,074 - root - INFO - 开始查找页面元素：('id', 'com.lchr.diaoyu:id/passwd_id')
2021-05-30 00:26:16,592 - root - INFO - 开始点击页面元素：('id', 'com.lchr.diaoyu:id/btn_login')
2021-05-30 00:26:16,593 - root - INFO - 开始查找页面元素：('id', 'com.lchr.diaoyu:id/btn_login')
2021-05-30 00:26:17,098 - root - INFO - 反向用例输入完成
2021-05-30 00:26:18,121 - root - INFO - 找到toast：('xpath', '//*[contains(@text,密码不能为空)]')
2021-05-30 00:26:18,240 - root - INFO - 截图成功，图片保存路径为：F:\PycharmProjects\diaoyurenApp\img\toast截图-2021-05-30_00_26_18.png
2021-05-30 00:26:18,340 - root - INFO - 截图成功，图片保存路径为：F:\PycharmProjects\diaoyurenApp\img\反向用例-密码为空-2021-05-30_00_26_18.png
2021-05-30 00:26:18,346 - root - INFO - 开始执行反向测试用例：反向用例-用户名正确-密码错误
2021-05-30 00:26:18,347 - root - INFO - 开始向页面元素发送数据：('id', 'com.lchr.diaoyu:id/user_id')，18843010983
2021-05-30 00:26:18,348 - root - INFO - 开始查找页面元素：('id', 'com.lchr.diaoyu:id/user_id')
2021-05-30 00:26:18,901 - root - INFO - 开始向页面元素发送数据：('id', 'com.lchr.diaoyu:id/passwd_id')，ipmnl
2021-05-30 00:26:18,903 - root - INFO - 开始查找页面元素：('id', 'com.lchr.diaoyu:id/passwd_id')
2021-05-30 00:26:19,425 - root - INFO - 开始点击页面元素：('id', 'com.lchr.diaoyu:id/btn_login')
2021-05-30 00:26:19,426 - root - INFO - 开始查找页面元素：('id', 'com.lchr.diaoyu:id/btn_login')
2021-05-30 00:26:19,928 - root - INFO - 反向用例输入完成
2021-05-30 00:26:20,953 - root - INFO - 找到toast：('xpath', '//*[contains(@text,账号或密码错误)]')
2021-05-30 00:26:21,072 - root - INFO - 截图成功，图片保存路径为：F:\PycharmProjects\diaoyurenApp\img\toast截图-2021-05-30_00_26_20.png
2021-05-30 00:26:21,211 - root - INFO - 截图成功，图片保存路径为：F:\PycharmProjects\diaoyurenApp\img\反向用例-用户名正确-密码错误-2021-05-30_00_26_21.png
2021-05-30 00:26:21,217 - root - INFO - ++++++++++++++开始执行正向用例+++++++++++
2021-05-30 00:26:21,218 - root - INFO - 开始向页面元素发送数据：('id', 'com.lchr.diaoyu:id/user_id')，18843010983
2021-05-30 00:26:21,218 - root - INFO - 开始查找页面元素：('id', 'com.lchr.diaoyu:id/user_id')
2021-05-30 00:26:21,756 - root - INFO - 开始向页面元素发送数据：('id', 'com.lchr.diaoyu:id/passwd_id')，ipmnlfof123
2021-05-30 00:26:21,757 - root - INFO - 开始查找页面元素：('id', 'com.lchr.diaoyu:id/passwd_id')
2021-05-30 00:26:22,276 - root - INFO - 开始点击页面元素：('id', 'com.lchr.diaoyu:id/btn_login')
2021-05-30 00:26:22,277 - root - INFO - 开始查找页面元素：('id', 'com.lchr.diaoyu:id/btn_login')
2021-05-30 00:26:22,777 - root - INFO - 登录操作完成
2021-05-30 00:26:25,778 - root - INFO - 开始查找页面元素：('id', 'com.lchr.diaoyu:id/user_nick_name')
2021-05-30 00:26:25,797 - root - INFO - +++++++++正向用例测试通过++++++++++
2021-05-30 00:26:26,367 - root - INFO - 截图成功，图片保存路径为：F:\PycharmProjects\diaoyurenApp\img\正向用例测试截图-2021-05-30_00_26_25.png
2021-05-30 00:26:33,685 - root - INFO - ++++++++++++++++++开始执行测试用例+++++++++++++++
2021-05-30 00:26:52,325 - root - INFO - 开始点击页面元素：('id', 'com.lchr.diaoyu:id/btn_tab_mine')
2021-05-30 00:26:52,326 - root - INFO - 开始查找页面元素：('id', 'com.lchr.diaoyu:id/btn_tab_mine')
2021-05-30 00:26:55,390 - root - INFO - 开始查找页面元素：('id', 'com.lchr.diaoyu:id/tv_click2login')
2021-05-30 00:26:55,615 - root - INFO - 未找到页面登录元素:('id', 'com.lchr.diaoyu:id/tv_click2login')
2021-05-30 00:26:55,616 - root - ERROR - Message: An element could not be located on the page using the given search parameters.

2021-05-30 00:26:55,617 - root - INFO - 开始点击页面元素：('id', 'com.lchr.diaoyu:id/iv_top_navi_setting')
2021-05-30 00:26:55,618 - root - INFO - 开始查找页面元素：('id', 'com.lchr.diaoyu:id/iv_top_navi_setting')
2021-05-30 00:26:57,666 - root - INFO - 开始点击页面元素：('id', 'com.lchr.diaoyu:id/rtv_setting_logout')
2021-05-30 00:26:57,667 - root - INFO - 开始查找页面元素：('id', 'com.lchr.diaoyu:id/rtv_setting_logout')
2021-05-30 00:26:59,709 - root - INFO - 开始点击页面元素：('id', 'android:id/button1')
2021-05-30 00:26:59,710 - root - INFO - 开始查找页面元素：('id', 'android:id/button1')
2021-05-30 00:27:02,737 - root - INFO - 退出登录成功
2021-05-30 00:27:02,740 - root - INFO - 开始执行反向测试用例：反向用例-用户名为空
2021-05-30 00:27:02,741 - root - INFO - 开始向页面元素发送数据：('id', 'com.lchr.diaoyu:id/user_id')，
2021-05-30 00:27:02,742 - root - INFO - 开始查找页面元素：('id', 'com.lchr.diaoyu:id/user_id')
2021-05-30 00:27:02,868 - root - INFO - 开始执行反向测试用例：反向用例-用户名错误-密码正确
2021-05-30 00:27:02,869 - root - INFO - 开始向页面元素发送数据：('id', 'com.lchr.diaoyu:id/user_id')，plkjf才有
2021-05-30 00:27:02,869 - root - INFO - 开始查找页面元素：('id', 'com.lchr.diaoyu:id/user_id')
2021-05-30 00:27:02,948 - root - INFO - 开始执行反向测试用例：反向用例-密码为空
2021-05-30 00:27:02,951 - root - INFO - 开始向页面元素发送数据：('id', 'com.lchr.diaoyu:id/user_id')，18843010983
2021-05-30 00:27:02,952 - root - INFO - 开始查找页面元素：('id', 'com.lchr.diaoyu:id/user_id')
2021-05-30 00:27:03,032 - root - INFO - 开始执行反向测试用例：反向用例-用户名正确-密码错误
2021-05-30 00:27:03,033 - root - INFO - 开始向页面元素发送数据：('id', 'com.lchr.diaoyu:id/user_id')，18843010983
2021-05-30 00:27:03,034 - root - INFO - 开始查找页面元素：('id', 'com.lchr.diaoyu:id/user_id')
2021-05-30 00:27:03,104 - root - INFO - ++++++++++++++开始执行正向用例+++++++++++
2021-05-30 00:27:03,104 - root - INFO - 开始向页面元素发送数据：('id', 'com.lchr.diaoyu:id/user_id')，18843010983
2021-05-30 00:27:03,105 - root - INFO - 开始查找页面元素：('id', 'com.lchr.diaoyu:id/user_id')
2021-05-30 00:33:50,928 - root - INFO - ++++++++++++++++++开始执行测试用例+++++++++++++++
2021-05-30 00:34:11,154 - root - INFO - 开始点击页面元素：('id', 'com.lchr.diaoyu:id/btn_tab_mine')
2021-05-30 00:34:11,156 - root - INFO - 开始查找页面元素：('id', 'com.lchr.diaoyu:id/btn_tab_mine')
2021-05-30 00:34:14,492 - root - INFO - 开始查找页面元素：('id', 'com.lchr.diaoyu:id/tv_click2login')
2021-05-30 00:34:14,509 - root - INFO - 开始点击页面元素：('id', 'com.lchr.diaoyu:id/tv_click2login')
2021-05-30 00:34:14,509 - root - INFO - 开始查找页面元素：('id', 'com.lchr.diaoyu:id/tv_click2login')
2021-05-30 00:34:16,538 - root - INFO - 开始点击页面元素：('id', 'com.lchr.diaoyu:id/tv_account_login')
2021-05-30 00:34:16,539 - root - INFO - 开始查找页面元素：('id', 'com.lchr.diaoyu:id/tv_account_login')
2021-05-30 00:34:18,573 - root - INFO - 开始执行反向测试用例：反向用例-用户名为空
2021-05-30 00:34:18,574 - root - INFO - 开始向页面元素发送数据：('id', 'com.lchr.diaoyu:id/user_id')，
2021-05-30 00:34:18,575 - root - INFO - 开始查找页面元素：('id', 'com.lchr.diaoyu:id/user_id')
2021-05-30 00:34:19,108 - root - INFO - 开始向页面元素发送数据：('id', 'com.lchr.diaoyu:id/passwd_id')，ipmnlfiof
2021-05-30 00:34:19,108 - root - INFO - 开始查找页面元素：('id', 'com.lchr.diaoyu:id/passwd_id')
2021-05-30 00:34:19,624 - root - INFO - 开始点击页面元素：('id', 'com.lchr.diaoyu:id/btn_login')
2021-05-30 00:34:19,624 - root - INFO - 开始查找页面元素：('id', 'com.lchr.diaoyu:id/btn_login')
2021-05-30 00:34:20,129 - root - INFO - 反向用例输入完成
2021-05-30 00:34:21,170 - root - INFO - 找到toast：('xpath', '//*[contains(@text,用户名不能为空)]')
2021-05-30 00:34:21,273 - root - INFO - 截图成功，图片保存路径为：F:\PycharmProjects\diaoyurenApp\img\toast截图-2021-05-30_00_34_21.png
2021-05-30 00:34:21,371 - root - INFO - 截图成功，图片保存路径为：F:\PycharmProjects\diaoyurenApp\img\反向用例-用户名为空-2021-05-30_00_34_21.png
2021-05-30 00:34:21,418 - root - INFO - 开始执行反向测试用例：反向用例-用户名错误-密码正确
2021-05-30 00:34:21,419 - root - INFO - 开始向页面元素发送数据：('id', 'com.lchr.diaoyu:id/user_id')，plkjf才有
2021-05-30 00:34:21,420 - root - INFO - 开始查找页面元素：('id', 'com.lchr.diaoyu:id/user_id')
2021-05-30 00:34:21,956 - root - INFO - 开始向页面元素发送数据：('id', 'com.lchr.diaoyu:id/passwd_id')，ipmnlfiof
2021-05-30 00:34:21,956 - root - INFO - 开始查找页面元素：('id', 'com.lchr.diaoyu:id/passwd_id')
2021-05-30 00:34:22,472 - root - INFO - 开始点击页面元素：('id', 'com.lchr.diaoyu:id/btn_login')
2021-05-30 00:34:22,473 - root - INFO - 开始查找页面元素：('id', 'com.lchr.diaoyu:id/btn_login')
2021-05-30 00:34:22,979 - root - INFO - 反向用例输入完成
2021-05-30 00:34:24,000 - root - INFO - 找到toast：('xpath', '//*[contains(@text,用户名不存在)]')
2021-05-30 00:34:24,102 - root - INFO - 截图成功，图片保存路径为：F:\PycharmProjects\diaoyurenApp\img\toast截图-2021-05-30_00_34_24.png
2021-05-30 00:34:24,221 - root - INFO - 截图成功，图片保存路径为：F:\PycharmProjects\diaoyurenApp\img\反向用例-用户名错误-密码正确-2021-05-30_00_34_24.png
2021-05-30 00:34:24,226 - root - INFO - 开始执行反向测试用例：反向用例-密码为空
2021-05-30 00:34:24,227 - root - INFO - 开始向页面元素发送数据：('id', 'com.lchr.diaoyu:id/user_id')，18843010983
2021-05-30 00:34:24,228 - root - INFO - 开始查找页面元素：('id', 'com.lchr.diaoyu:id/user_id')
2021-05-30 00:34:24,774 - root - INFO - 开始向页面元素发送数据：('id', 'com.lchr.diaoyu:id/passwd_id')，
2021-05-30 00:34:24,775 - root - INFO - 开始查找页面元素：('id', 'com.lchr.diaoyu:id/passwd_id')
2021-05-30 00:34:25,292 - root - INFO - 开始点击页面元素：('id', 'com.lchr.diaoyu:id/btn_login')
2021-05-30 00:34:25,293 - root - INFO - 开始查找页面元素：('id', 'com.lchr.diaoyu:id/btn_login')
2021-05-30 00:34:25,795 - root - INFO - 反向用例输入完成
2021-05-30 00:34:26,820 - root - INFO - 找到toast：('xpath', '//*[contains(@text,密码不能为空)]')
2021-05-30 00:34:26,921 - root - INFO - 截图成功，图片保存路径为：F:\PycharmProjects\diaoyurenApp\img\toast截图-2021-05-30_00_34_26.png
2021-05-30 00:34:27,019 - root - INFO - 截图成功，图片保存路径为：F:\PycharmProjects\diaoyurenApp\img\反向用例-密码为空-2021-05-30_00_34_26.png
2021-05-30 00:34:27,025 - root - INFO - 开始执行反向测试用例：反向用例-用户名正确-密码错误
2021-05-30 00:34:27,026 - root - INFO - 开始向页面元素发送数据：('id', 'com.lchr.diaoyu:id/user_id')，18843010983
2021-05-30 00:34:27,027 - root - INFO - 开始查找页面元素：('id', 'com.lchr.diaoyu:id/user_id')
2021-05-30 00:34:27,573 - root - INFO - 开始向页面元素发送数据：('id', 'com.lchr.diaoyu:id/passwd_id')，ipmnl
2021-05-30 00:34:27,574 - root - INFO - 开始查找页面元素：('id', 'com.lchr.diaoyu:id/passwd_id')
2021-05-30 00:34:28,089 - root - INFO - 开始点击页面元素：('id', 'com.lchr.diaoyu:id/btn_login')
2021-05-30 00:34:28,090 - root - INFO - 开始查找页面元素：('id', 'com.lchr.diaoyu:id/btn_login')
2021-05-30 00:34:28,595 - root - INFO - 反向用例输入完成
2021-05-30 00:34:29,619 - root - INFO - 找到toast：('xpath', '//*[contains(@text,账号或密码错误)]')
2021-05-30 00:34:29,718 - root - INFO - 截图成功，图片保存路径为：F:\PycharmProjects\diaoyurenApp\img\toast截图-2021-05-30_00_34_29.png
2021-05-30 00:34:29,830 - root - INFO - 截图成功，图片保存路径为：F:\PycharmProjects\diaoyurenApp\img\反向用例-用户名正确-密码错误-2021-05-30_00_34_29.png
2021-05-30 00:34:29,835 - root - INFO - ++++++++++++++开始执行正向用例+++++++++++
2021-05-30 00:34:29,836 - root - INFO - 开始向页面元素发送数据：('id', 'com.lchr.diaoyu:id/user_id')，18843010983
2021-05-30 00:34:29,837 - root - INFO - 开始查找页面元素：('id', 'com.lchr.diaoyu:id/user_id')
2021-05-30 00:34:30,376 - root - INFO - 开始向页面元素发送数据：('id', 'com.lchr.diaoyu:id/passwd_id')，ipmnlfof123
2021-05-30 00:34:30,376 - root - INFO - 开始查找页面元素：('id', 'com.lchr.diaoyu:id/passwd_id')
2021-05-30 00:34:30,893 - root - INFO - 开始点击页面元素：('id', 'com.lchr.diaoyu:id/btn_login')
2021-05-30 00:34:30,894 - root - INFO - 开始查找页面元素：('id', 'com.lchr.diaoyu:id/btn_login')
2021-05-30 00:34:31,396 - root - INFO - 登录操作完成
2021-05-30 00:34:34,398 - root - INFO - 开始查找页面元素：('id', 'com.lchr.diaoyu:id/user_nick_name')
2021-05-30 00:34:34,417 - root - INFO - +++++++++正向用例测试通过++++++++++
2021-05-30 00:34:34,709 - root - INFO - 截图成功，图片保存路径为：F:\PycharmProjects\diaoyurenApp\img\正向用例测试截图-2021-05-30_00_34_34.png
2021-05-30 00:34:42,264 - root - INFO - ++++++++++++++++++开始执行测试用例+++++++++++++++
2021-05-30 00:35:01,236 - root - INFO - 开始点击页面元素：('id', 'com.lchr.diaoyu:id/btn_tab_mine')
2021-05-30 00:35:01,238 - root - INFO - 开始查找页面元素：('id', 'com.lchr.diaoyu:id/btn_tab_mine')
2021-05-30 00:35:05,449 - root - INFO - 开始查找页面元素：('id', 'com.lchr.diaoyu:id/tv_click2login')
2021-05-30 00:35:05,480 - root - INFO - 未找到页面登录元素:('id', 'com.lchr.diaoyu:id/tv_click2login')
2021-05-30 00:35:05,481 - root - ERROR - Message: An element could not be located on the page using the given search parameters.

2021-05-30 00:35:05,482 - root - INFO - 开始点击页面元素：('id', 'com.lchr.diaoyu:id/iv_top_navi_setting')
2021-05-30 00:35:05,482 - root - INFO - 开始查找页面元素：('id', 'com.lchr.diaoyu:id/iv_top_navi_setting')
2021-05-30 00:35:07,522 - root - INFO - 开始点击页面元素：('id', 'com.lchr.diaoyu:id/rtv_setting_logout')
2021-05-30 00:35:07,523 - root - INFO - 开始查找页面元素：('id', 'com.lchr.diaoyu:id/rtv_setting_logout')
2021-05-30 00:35:09,566 - root - INFO - 开始点击页面元素：('id', 'android:id/button1')
2021-05-30 00:35:09,567 - root - INFO - 开始查找页面元素：('id', 'android:id/button1')
2021-05-30 00:35:11,594 - root - INFO - 退出登录成功
2021-05-30 00:35:11,597 - root - INFO - 开始执行反向测试用例：反向用例-用户名为空
2021-05-30 00:35:11,598 - root - INFO - 开始向页面元素发送数据：('id', 'com.lchr.diaoyu:id/user_id')，
2021-05-30 00:35:11,599 - root - INFO - 开始查找页面元素：('id', 'com.lchr.diaoyu:id/user_id')
2021-05-30 00:35:11,746 - root - INFO - 开始执行反向测试用例：反向用例-用户名错误-密码正确
2021-05-30 00:35:11,747 - root - INFO - 开始向页面元素发送数据：('id', 'com.lchr.diaoyu:id/user_id')，plkjf才有
2021-05-30 00:35:11,748 - root - INFO - 开始查找页面元素：('id', 'com.lchr.diaoyu:id/user_id')
2021-05-30 00:35:11,823 - root - INFO - 开始执行反向测试用例：反向用例-密码为空
2021-05-30 00:35:11,824 - root - INFO - 开始向页面元素发送数据：('id', 'com.lchr.diaoyu:id/user_id')，18843010983
2021-05-30 00:35:11,825 - root - INFO - 开始查找页面元素：('id', 'com.lchr.diaoyu:id/user_id')
2021-05-30 00:35:11,918 - root - INFO - 开始执行反向测试用例：反向用例-用户名正确-密码错误
2021-05-30 00:35:11,919 - root - INFO - 开始向页面元素发送数据：('id', 'com.lchr.diaoyu:id/user_id')，18843010983
2021-05-30 00:35:11,921 - root - INFO - 开始查找页面元素：('id', 'com.lchr.diaoyu:id/user_id')
2021-05-30 00:35:11,987 - root - INFO - ++++++++++++++开始执行正向用例+++++++++++
2021-05-30 00:35:11,987 - root - INFO - 开始向页面元素发送数据：('id', 'com.lchr.diaoyu:id/user_id')，18843010983
2021-05-30 00:35:11,988 - root - INFO - 开始查找页面元素：('id', 'com.lchr.diaoyu:id/user_id')
2021-05-30 00:47:38,460 - root - INFO - ++++++++++++++++++开始执行测试用例+++++++++++++++
2021-05-30 00:47:58,628 - root - INFO - 开始点击页面元素：('id', 'com.lchr.diaoyu:id/btn_tab_mine')
2021-05-30 00:47:58,629 - root - INFO - 开始查找页面元素：('id', 'com.lchr.diaoyu:id/btn_tab_mine')
2021-05-30 00:48:02,569 - root - INFO - 开始查找页面元素：('id', 'com.lchr.diaoyu:id/tv_click2login')
2021-05-30 00:48:02,587 - root - INFO - 开始点击页面元素：('id', 'com.lchr.diaoyu:id/tv_click2login')
2021-05-30 00:48:02,588 - root - INFO - 开始查找页面元素：('id', 'com.lchr.diaoyu:id/tv_click2login')
2021-05-30 00:48:04,618 - root - INFO - 开始点击页面元素：('id', 'com.lchr.diaoyu:id/tv_account_login')
2021-05-30 00:48:04,620 - root - INFO - 开始查找页面元素：('id', 'com.lchr.diaoyu:id/tv_account_login')
2021-05-30 00:48:06,649 - root - INFO - 开始执行反向测试用例：反向用例-用户名为空
2021-05-30 00:48:06,650 - root - INFO - 开始向页面元素发送数据：('id', 'com.lchr.diaoyu:id/user_id')，
2021-05-30 00:48:06,651 - root - INFO - 开始查找页面元素：('id', 'com.lchr.diaoyu:id/user_id')
2021-05-30 00:48:07,190 - root - INFO - 开始向页面元素发送数据：('id', 'com.lchr.diaoyu:id/passwd_id')，ipmnlfiof
2021-05-30 00:48:07,191 - root - INFO - 开始查找页面元素：('id', 'com.lchr.diaoyu:id/passwd_id')
2021-05-30 00:48:07,708 - root - INFO - 开始点击页面元素：('id', 'com.lchr.diaoyu:id/btn_login')
2021-05-30 00:48:07,709 - root - INFO - 开始查找页面元素：('id', 'com.lchr.diaoyu:id/btn_login')
2021-05-30 00:48:08,213 - root - INFO - 反向用例输入完成
2021-05-30 00:48:09,259 - root - INFO - 找到toast：('xpath', '//*[contains(@text,用户名不能为空)]')
2021-05-30 00:48:09,377 - root - INFO - 截图成功，图片保存路径为：F:\PycharmProjects\diaoyurenApp\img\toast截图-2021-05-30_00_48_09.png
2021-05-30 00:48:09,479 - root - INFO - 截图成功，图片保存路径为：F:\PycharmProjects\diaoyurenApp\img\反向用例-用户名为空-2021-05-30_00_48_09.png
2021-05-30 00:48:09,528 - root - INFO - 开始执行反向测试用例：反向用例-用户名错误-密码正确
2021-05-30 00:48:09,529 - root - INFO - 开始向页面元素发送数据：('id', 'com.lchr.diaoyu:id/user_id')，plkjf才有
2021-05-30 00:48:09,529 - root - INFO - 开始查找页面元素：('id', 'com.lchr.diaoyu:id/user_id')
2021-05-30 00:48:10,076 - root - INFO - 开始向页面元素发送数据：('id', 'com.lchr.diaoyu:id/passwd_id')，ipmnlfiof
2021-05-30 00:48:10,078 - root - INFO - 开始查找页面元素：('id', 'com.lchr.diaoyu:id/passwd_id')
2021-05-30 00:48:10,590 - root - INFO - 开始点击页面元素：('id', 'com.lchr.diaoyu:id/btn_login')
2021-05-30 00:48:10,591 - root - INFO - 开始查找页面元素：('id', 'com.lchr.diaoyu:id/btn_login')
2021-05-30 00:48:11,096 - root - INFO - 反向用例输入完成
2021-05-30 00:48:12,117 - root - INFO - 找到toast：('xpath', '//*[contains(@text,用户名不存在)]')
2021-05-30 00:48:12,232 - root - INFO - 截图成功，图片保存路径为：F:\PycharmProjects\diaoyurenApp\img\toast截图-2021-05-30_00_48_12.png
2021-05-30 00:48:12,340 - root - INFO - 截图成功，图片保存路径为：F:\PycharmProjects\diaoyurenApp\img\反向用例-用户名错误-密码正确-2021-05-30_00_48_12.png
2021-05-30 00:48:12,346 - root - INFO - 开始执行反向测试用例：反向用例-密码为空
2021-05-30 00:48:12,347 - root - INFO - 开始向页面元素发送数据：('id', 'com.lchr.diaoyu:id/user_id')，18843010983
2021-05-30 00:48:12,348 - root - INFO - 开始查找页面元素：('id', 'com.lchr.diaoyu:id/user_id')
2021-05-30 00:48:12,889 - root - INFO - 开始向页面元素发送数据：('id', 'com.lchr.diaoyu:id/passwd_id')，
2021-05-30 00:48:12,890 - root - INFO - 开始查找页面元素：('id', 'com.lchr.diaoyu:id/passwd_id')
2021-05-30 00:48:13,406 - root - INFO - 开始点击页面元素：('id', 'com.lchr.diaoyu:id/btn_login')
2021-05-30 00:48:13,407 - root - INFO - 开始查找页面元素：('id', 'com.lchr.diaoyu:id/btn_login')
2021-05-30 00:48:13,913 - root - INFO - 反向用例输入完成
2021-05-30 00:48:14,935 - root - INFO - 找到toast：('xpath', '//*[contains(@text,密码不能为空)]')
2021-05-30 00:48:15,075 - root - INFO - 截图成功，图片保存路径为：F:\PycharmProjects\diaoyurenApp\img\toast截图-2021-05-30_00_48_14.png
2021-05-30 00:48:15,171 - root - INFO - 截图成功，图片保存路径为：F:\PycharmProjects\diaoyurenApp\img\反向用例-密码为空-2021-05-30_00_48_15.png
2021-05-30 00:48:15,177 - root - INFO - 开始执行反向测试用例：反向用例-用户名正确-密码错误
2021-05-30 00:48:15,178 - root - INFO - 开始向页面元素发送数据：('id', 'com.lchr.diaoyu:id/user_id')，18843010983
2021-05-30 00:48:15,179 - root - INFO - 开始查找页面元素：('id', 'com.lchr.diaoyu:id/user_id')
2021-05-30 00:48:15,725 - root - INFO - 开始向页面元素发送数据：('id', 'com.lchr.diaoyu:id/passwd_id')，ipmnl
2021-05-30 00:48:15,726 - root - INFO - 开始查找页面元素：('id', 'com.lchr.diaoyu:id/passwd_id')
2021-05-30 00:48:16,243 - root - INFO - 开始点击页面元素：('id', 'com.lchr.diaoyu:id/btn_login')
2021-05-30 00:48:16,244 - root - INFO - 开始查找页面元素：('id', 'com.lchr.diaoyu:id/btn_login')
2021-05-30 00:48:16,746 - root - INFO - 反向用例输入完成
2021-05-30 00:48:17,771 - root - INFO - 找到toast：('xpath', '//*[contains(@text,账号或密码错误)]')
2021-05-30 00:48:17,863 - root - INFO - 截图成功，图片保存路径为：F:\PycharmProjects\diaoyurenApp\img\toast截图-2021-05-30_00_48_17.png
2021-05-30 00:48:17,968 - root - INFO - 截图成功，图片保存路径为：F:\PycharmProjects\diaoyurenApp\img\反向用例-用户名正确-密码错误-2021-05-30_00_48_17.png
2021-05-30 00:48:17,974 - root - INFO - ++++++++++++++开始执行正向用例+++++++++++
2021-05-30 00:48:17,975 - root - INFO - 开始向页面元素发送数据：('id', 'com.lchr.diaoyu:id/user_id')，18843010983
2021-05-30 00:48:17,975 - root - INFO - 开始查找页面元素：('id', 'com.lchr.diaoyu:id/user_id')
2021-05-30 00:48:18,524 - root - INFO - 开始向页面元素发送数据：('id', 'com.lchr.diaoyu:id/passwd_id')，ipmnlfof123
2021-05-30 00:48:18,525 - root - INFO - 开始查找页面元素：('id', 'com.lchr.diaoyu:id/passwd_id')
2021-05-30 00:48:19,041 - root - INFO - 开始点击页面元素：('id', 'com.lchr.diaoyu:id/btn_login')
2021-05-30 00:48:19,042 - root - INFO - 开始查找页面元素：('id', 'com.lchr.diaoyu:id/btn_login')
2021-05-30 00:48:19,547 - root - INFO - 登录操作完成
2021-05-30 00:48:22,547 - root - INFO - 开始查找页面元素：('id', 'com.lchr.diaoyu:id/user_nick_name')
2021-05-30 00:48:22,565 - root - INFO - +++++++++正向用例测试通过++++++++++
2021-05-30 00:48:22,870 - root - INFO - 截图成功，图片保存路径为：F:\PycharmProjects\diaoyurenApp\img\正向用例测试截图-2021-05-30_00_48_22.png
2021-05-30 00:48:28,888 - root - INFO - ++++++++++++++++++开始执行测试用例+++++++++++++++
2021-05-30 00:48:47,578 - root - INFO - 开始点击页面元素：('id', 'com.lchr.diaoyu:id/btn_tab_mine')
2021-05-30 00:48:47,579 - root - INFO - 开始查找页面元素：('id', 'com.lchr.diaoyu:id/btn_tab_mine')
2021-05-30 00:48:50,643 - root - INFO - 开始查找页面元素：('id', 'com.lchr.diaoyu:id/tv_click2login')
2021-05-30 00:48:50,864 - root - INFO - 未找到页面登录元素:('id', 'com.lchr.diaoyu:id/tv_click2login')
2021-05-30 00:48:50,865 - root - ERROR - Message: An element could not be located on the page using the given search parameters.

2021-05-30 00:48:50,866 - root - INFO - 开始点击页面元素：('id', 'com.lchr.diaoyu:id/iv_top_navi_setting')
2021-05-30 00:48:50,866 - root - INFO - 开始查找页面元素：('id', 'com.lchr.diaoyu:id/iv_top_navi_setting')
2021-05-30 00:48:52,909 - root - INFO - 开始点击页面元素：('id', 'com.lchr.diaoyu:id/rtv_setting_logout')
2021-05-30 00:48:52,910 - root - INFO - 开始查找页面元素：('id', 'com.lchr.diaoyu:id/rtv_setting_logout')
2021-05-30 00:48:54,951 - root - INFO - 开始点击页面元素：('id', 'android:id/button1')
2021-05-30 00:48:54,952 - root - INFO - 开始查找页面元素：('id', 'android:id/button1')
2021-05-30 00:48:56,978 - root - INFO - 退出登录成功
2021-05-30 00:48:56,979 - root - INFO - 开始点击页面元素：('id', 'com.lchr.diaoyu:id/btn_tab_mine')
2021-05-30 00:48:56,980 - root - INFO - 开始查找页面元素：('id', 'com.lchr.diaoyu:id/btn_tab_mine')
2021-05-30 00:49:00,022 - root - INFO - 开始查找页面元素：('id', 'com.lchr.diaoyu:id/tv_click2login')
2021-05-30 00:49:00,038 - root - INFO - 开始点击页面元素：('id', 'com.lchr.diaoyu:id/tv_click2login')
2021-05-30 00:49:00,038 - root - INFO - 开始查找页面元素：('id', 'com.lchr.diaoyu:id/tv_click2login')
2021-05-30 00:49:02,071 - root - INFO - 开始点击页面元素：('id', 'com.lchr.diaoyu:id/tv_account_login')
2021-05-30 00:49:02,071 - root - INFO - 开始查找页面元素：('id', 'com.lchr.diaoyu:id/tv_account_login')
2021-05-30 00:49:04,101 - root - INFO - 开始执行反向测试用例：反向用例-用户名为空
2021-05-30 00:49:04,101 - root - INFO - 开始向页面元素发送数据：('id', 'com.lchr.diaoyu:id/user_id')，
2021-05-30 00:49:04,102 - root - INFO - 开始查找页面元素：('id', 'com.lchr.diaoyu:id/user_id')
2021-05-30 00:49:04,638 - root - INFO - 开始向页面元素发送数据：('id', 'com.lchr.diaoyu:id/passwd_id')，ipmnlfiof
2021-05-30 00:49:04,639 - root - INFO - 开始查找页面元素：('id', 'com.lchr.diaoyu:id/passwd_id')
2021-05-30 00:49:05,156 - root - INFO - 开始点击页面元素：('id', 'com.lchr.diaoyu:id/btn_login')
2021-05-30 00:49:05,157 - root - INFO - 开始查找页面元素：('id', 'com.lchr.diaoyu:id/btn_login')
2021-05-30 00:49:05,660 - root - INFO - 反向用例输入完成
2021-05-30 00:49:06,704 - root - INFO - 找到toast：('xpath', '//*[contains(@text,用户名不能为空)]')
2021-05-30 00:49:06,834 - root - INFO - 截图成功，图片保存路径为：F:\PycharmProjects\diaoyurenApp\img\toast截图-2021-05-30_00_49_06.png
2021-05-30 00:49:06,966 - root - INFO - 截图成功，图片保存路径为：F:\PycharmProjects\diaoyurenApp\img\反向用例-用户名为空-2021-05-30_00_49_06.png
2021-05-30 00:49:07,012 - root - INFO - 开始执行反向测试用例：反向用例-用户名错误-密码正确
2021-05-30 00:49:07,013 - root - INFO - 开始向页面元素发送数据：('id', 'com.lchr.diaoyu:id/user_id')，plkjf才有
2021-05-30 00:49:07,014 - root - INFO - 开始查找页面元素：('id', 'com.lchr.diaoyu:id/user_id')
2021-05-30 00:49:07,555 - root - INFO - 开始向页面元素发送数据：('id', 'com.lchr.diaoyu:id/passwd_id')，ipmnlfiof
2021-05-30 00:49:07,556 - root - INFO - 开始查找页面元素：('id', 'com.lchr.diaoyu:id/passwd_id')
2021-05-30 00:49:08,076 - root - INFO - 开始点击页面元素：('id', 'com.lchr.diaoyu:id/btn_login')
2021-05-30 00:49:08,077 - root - INFO - 开始查找页面元素：('id', 'com.lchr.diaoyu:id/btn_login')
2021-05-30 00:49:08,580 - root - INFO - 反向用例输入完成
2021-05-30 00:49:09,603 - root - INFO - 找到toast：('xpath', '//*[contains(@text,用户名不存在)]')
2021-05-30 00:49:09,710 - root - INFO - 截图成功，图片保存路径为：F:\PycharmProjects\diaoyurenApp\img\toast截图-2021-05-30_00_49_09.png
2021-05-30 00:49:09,815 - root - INFO - 截图成功，图片保存路径为：F:\PycharmProjects\diaoyurenApp\img\反向用例-用户名错误-密码正确-2021-05-30_00_49_09.png
2021-05-30 00:49:09,820 - root - INFO - 开始执行反向测试用例：反向用例-密码为空
2021-05-30 00:49:09,822 - root - INFO - 开始向页面元素发送数据：('id', 'com.lchr.diaoyu:id/user_id')，18843010983
2021-05-30 00:49:09,822 - root - INFO - 开始查找页面元素：('id', 'com.lchr.diaoyu:id/user_id')
2021-05-30 00:49:10,375 - root - INFO - 开始向页面元素发送数据：('id', 'com.lchr.diaoyu:id/passwd_id')，
2021-05-30 00:49:10,376 - root - INFO - 开始查找页面元素：('id', 'com.lchr.diaoyu:id/passwd_id')
2021-05-30 00:49:10,891 - root - INFO - 开始点击页面元素：('id', 'com.lchr.diaoyu:id/btn_login')
2021-05-30 00:49:10,892 - root - INFO - 开始查找页面元素：('id', 'com.lchr.diaoyu:id/btn_login')
2021-05-30 00:49:11,397 - root - INFO - 反向用例输入完成
2021-05-30 00:49:12,419 - root - INFO - 找到toast：('xpath', '//*[contains(@text,密码不能为空)]')
2021-05-30 00:49:12,522 - root - INFO - 截图成功，图片保存路径为：F:\PycharmProjects\diaoyurenApp\img\toast截图-2021-05-30_00_49_12.png
2021-05-30 00:49:12,635 - root - INFO - 截图成功，图片保存路径为：F:\PycharmProjects\diaoyurenApp\img\反向用例-密码为空-2021-05-30_00_49_12.png
2021-05-30 00:49:12,640 - root - INFO - 开始执行反向测试用例：反向用例-用户名正确-密码错误
2021-05-30 00:49:12,641 - root - INFO - 开始向页面元素发送数据：('id', 'com.lchr.diaoyu:id/user_id')，18843010983
2021-05-30 00:49:12,642 - root - INFO - 开始查找页面元素：('id', 'com.lchr.diaoyu:id/user_id')
2021-05-30 00:49:13,191 - root - INFO - 开始向页面元素发送数据：('id', 'com.lchr.diaoyu:id/passwd_id')，ipmnl
2021-05-30 00:49:13,192 - root - INFO - 开始查找页面元素：('id', 'com.lchr.diaoyu:id/passwd_id')
2021-05-30 00:49:13,707 - root - INFO - 开始点击页面元素：('id', 'com.lchr.diaoyu:id/btn_login')
2021-05-30 00:49:13,709 - root - INFO - 开始查找页面元素：('id', 'com.lchr.diaoyu:id/btn_login')
2021-05-30 00:49:14,212 - root - INFO - 反向用例输入完成
2021-05-30 00:49:15,237 - root - INFO - 找到toast：('xpath', '//*[contains(@text,账号或密码错误)]')
2021-05-30 00:49:15,351 - root - INFO - 截图成功，图片保存路径为：F:\PycharmProjects\diaoyurenApp\img\toast截图-2021-05-30_00_49_15.png
2021-05-30 00:49:15,455 - root - INFO - 截图成功，图片保存路径为：F:\PycharmProjects\diaoyurenApp\img\反向用例-用户名正确-密码错误-2021-05-30_00_49_15.png
2021-05-30 00:49:15,476 - root - INFO - ++++++++++++++开始执行正向用例+++++++++++
2021-05-30 00:49:15,477 - root - INFO - 开始向页面元素发送数据：('id', 'com.lchr.diaoyu:id/user_id')，18843010983
2021-05-30 00:49:15,478 - root - INFO - 开始查找页面元素：('id', 'com.lchr.diaoyu:id/user_id')
2021-05-30 00:49:16,026 - root - INFO - 开始向页面元素发送数据：('id', 'com.lchr.diaoyu:id/passwd_id')，ipmnlfof123
2021-05-30 00:49:16,027 - root - INFO - 开始查找页面元素：('id', 'com.lchr.diaoyu:id/passwd_id')
2021-05-30 00:49:16,542 - root - INFO - 开始点击页面元素：('id', 'com.lchr.diaoyu:id/btn_login')
2021-05-30 00:49:16,543 - root - INFO - 开始查找页面元素：('id', 'com.lchr.diaoyu:id/btn_login')
2021-05-30 00:49:17,045 - root - INFO - 登录操作完成
2021-05-30 00:49:20,047 - root - INFO - 开始查找页面元素：('id', 'com.lchr.diaoyu:id/user_nick_name')
2021-05-30 00:49:20,068 - root - INFO - +++++++++正向用例测试通过++++++++++
2021-05-30 00:49:20,407 - root - INFO - 截图成功，图片保存路径为：F:\PycharmProjects\diaoyurenApp\img\正向用例测试截图-2021-05-30_00_49_20.png
